<?xml version="1.0" encoding="UTF-8"?>
<testsuite name="hexlet.code.TestIsValidIsStringSchema" tests="3" skipped="0" failures="0" errors="0" timestamp="2022-07-05T10:46:43" hostname="yatorogod-laptop" time="0.163">
  <properties/>
  <testcase name="schemaTestContains()" classname="hexlet.code.TestIsValidIsStringSchema" time="0.156"/>
  <testcase name="schemaTestRequired()" classname="hexlet.code.TestIsValidIsStringSchema" time="0.001"/>
  <testcase name="schemaTestLengthMin()" classname="hexlet.code.TestIsValidIsStringSchema" time="0.002"/>
  <system-out><![CDATA[]]></system-out>
  <system-err><![CDATA[]]></system-err>
</testsuite>
