<?xml version="1.0" encoding="UTF-8"?>
<testsuite name="hexlet.code.TestIsValidIsMapSchema" tests="3" skipped="0" failures="0" errors="0" timestamp="2022-07-02T16:49:04" hostname="yatorogod-laptop" time="0.269">
  <properties/>
  <testcase name="shapeTest()" classname="hexlet.code.TestIsValidIsMapSchema" time="0.253"/>
  <testcase name="schemaTestRequired()" classname="hexlet.code.TestIsValidIsMapSchema" time="0.008"/>
  <testcase name="schemaTestSizeOf()" classname="hexlet.code.TestIsValidIsMapSchema" time="0.004"/>
  <system-out><![CDATA[]]></system-out>
  <system-err><![CDATA[]]></system-err>
</testsuite>
