<?xml version="1.0" encoding="UTF-8"?>
<testsuite name="hexlet.code.TestIsValidIsMapSchema" tests="2" skipped="0" failures="0" errors="0" timestamp="2022-07-02T11:53:18" hostname="yatorogod-laptop" time="0.164">
  <properties/>
  <testcase name="schemaTestRequired()" classname="hexlet.code.TestIsValidIsMapSchema" time="0.161"/>
  <testcase name="schemaTestSizeOf()" classname="hexlet.code.TestIsValidIsMapSchema" time="0.002"/>
  <system-out><![CDATA[]]></system-out>
  <system-err><![CDATA[]]></system-err>
</testsuite>
